2022-06-28 00:38:19,253 - instabot version: 0.117.0 (bot) - INFO - Instabot version: 0.117.0 Started
2022-06-28 00:38:19,256 - instabot version: 0.117.0 (bot) - DEBUG - Bot imported from C:\Users\User\AppData\Local\Programs\Python\Python310\lib\site-packages\instabot\bot\bot.py
2022-06-28 00:38:24,265 - instabot version: 0.117.0 (api_login) - INFO - Not yet logged in starting: PRE-LOGIN FLOW!
2022-06-28 00:38:26,888 - instabot version: 0.117.0 (api) - DEBUG - POST to endpoint: accounts/get_prefill_candidates/ returned response: <Response [429]>
2022-06-28 00:38:26,888 - instabot version: 0.117.0 (api) - DEBUG - Responsecode indicates error; response content: b'{"message":"Please wait a few minutes before you try again.","status":"fail"}'
2022-06-28 00:38:26,888 - instabot version: 0.117.0 (api) - ERROR - Request returns 429 error!
2022-06-28 00:38:26,895 - instabot version: 0.117.0 (api) - WARNING - That means 'too many requests'. I'll go to sleep for 5 minutes.
2022-06-28 00:43:27,694 - instabot version: 0.117.0 (api) - DEBUG - POST to endpoint: accounts/get_prefill_candidates/ returned response: <Response [429]>
2022-06-28 00:43:27,694 - instabot version: 0.117.0 (api) - DEBUG - Responsecode indicates error; response content: b'{"message":"Please wait a few minutes before you try again.","status":"fail"}'
2022-06-28 00:43:27,694 - instabot version: 0.117.0 (api) - ERROR - Request returns 429 error!
2022-06-28 00:43:27,694 - instabot version: 0.117.0 (api) - WARNING - That means 'too many requests'. I'll go to sleep for 10 minutes.
2022-06-29 12:43:31,457 - instabot version: 0.117.0 (api) - DEBUG - POST to endpoint: accounts/get_prefill_candidates/ returned response: <Response [400]>
2022-06-29 12:43:31,457 - instabot version: 0.117.0 (api) - DEBUG - Responsecode indicates error; response content: b'{"message":"","status":"fail"}'
2022-06-29 12:43:31,457 - instabot version: 0.117.0 (api) - ERROR - Request returns 400 error!
2022-06-29 12:43:31,457 - instabot version: 0.117.0 (api) - INFO - Instagram's error message: 
2022-06-29 12:43:31,457 - instabot version: 0.117.0 (api) - INFO - Instagram's error message: {}
2022-06-29 12:43:32,425 - instabot version: 0.117.0 (api) - DEBUG - POST to endpoint: qe/sync/ returned response: <Response [200]>
2022-06-29 12:43:32,785 - instabot version: 0.117.0 (api) - DEBUG - POST to endpoint: launcher/sync/ returned response: <Response [200]>
2022-06-29 12:43:33,081 - instabot version: 0.117.0 (api) - DEBUG - POST to endpoint: accounts/contact_point_prefill/ returned response: <Response [429]>
2022-06-29 12:43:33,081 - instabot version: 0.117.0 (api) - DEBUG - Responsecode indicates error; response content: b'{"message":"Please wait a few minutes before you try again.","status":"fail"}'
2022-06-29 12:43:33,081 - instabot version: 0.117.0 (api) - ERROR - Request returns 429 error!
2022-06-29 12:43:33,081 - instabot version: 0.117.0 (api) - WARNING - That means 'too many requests'. I'll go to sleep for 5 minutes.
2022-06-29 12:48:33,480 - instabot version: 0.117.0 (api) - DEBUG - POST to endpoint: accounts/contact_point_prefill/ returned response: <Response [429]>
2022-06-29 12:48:33,480 - instabot version: 0.117.0 (api) - DEBUG - Responsecode indicates error; response content: b'{"message":"Please wait a few minutes before you try again.","status":"fail"}'
2022-06-29 12:48:33,480 - instabot version: 0.117.0 (api) - ERROR - Request returns 429 error!
2022-06-29 12:48:33,481 - instabot version: 0.117.0 (api) - WARNING - That means 'too many requests'. I'll go to sleep for 10 minutes.
2022-06-29 12:58:33,850 - instabot version: 0.117.0 (api) - DEBUG - POST to endpoint: accounts/contact_point_prefill/ returned response: <Response [429]>
2022-06-29 12:58:33,851 - instabot version: 0.117.0 (api) - DEBUG - Responsecode indicates error; response content: b'{"message":"Please wait a few minutes before you try again.","status":"fail"}'
2022-06-29 12:58:33,851 - instabot version: 0.117.0 (api) - ERROR - Request returns 429 error!
2022-06-29 12:58:33,851 - instabot version: 0.117.0 (api) - WARNING - That means 'too many requests'. I'll go to sleep for 15 minutes.
2022-06-29 13:13:34,641 - instabot version: 0.117.0 (api) - DEBUG - POST to endpoint: accounts/contact_point_prefill/ returned response: <Response [429]>
2022-06-29 13:13:34,641 - instabot version: 0.117.0 (api) - DEBUG - Responsecode indicates error; response content: b'{"message":"Please wait a few minutes before you try again.","status":"fail"}'
2022-06-29 13:13:34,641 - instabot version: 0.117.0 (api) - ERROR - Request returns 429 error!
2022-06-29 13:13:35,645 - instabot version: 0.117.0 (api) - ERROR - Since we hit 15 minutes of time outs, we have to restart. Removing session and cookies. Please relogin.
